[03:59:31] SYSTEM START: Rehoboth Genesis Manifest Online
[03:59:31] SCAN: 5 modules detected.
[03:59:31] HEARTBEAT: All systems nominal.
[03:59:31] EXEC: auth_service.py initialized.
[03:59:31] EXEC: orchestrator_core.py initialized.
[03:59:31] EXEC: start.py initialized.
[03:59:31] EXEC: evolution_1770951485.py initialized.
[03:59:31] EXEC: evolution_1770950914.py initialized.
[04:00:01] SCAN: 5 modules detected.
[04:00:01] HEARTBEAT: All systems nominal.
[04:00:01] EXEC: evolution_1770951485.py initialized.
[04:00:01] EXEC: auth_service.py initialized.
[04:00:01] EXEC: start.py initialized.
[04:00:01] EXEC: evolution_1770950914.py initialized.
[04:00:01] EXEC: orchestrator_core.py initialized.
[04:00:31] SCAN: 5 modules detected.
[04:00:31] HEARTBEAT: All systems nominal.
[04:00:31] EXEC: start.py initialized.
[04:00:31] EXEC: evolution_1770951485.py initialized.
[04:00:31] EXEC: evolution_1770950914.py initialized.
[04:00:31] EXEC: auth_service.py initialized.
[04:00:31] EXEC: orchestrator_core.py initialized.
[04:01:01] SCAN: 5 modules detected.
[04:01:01] HEARTBEAT: All systems nominal.
[04:01:01] EXEC: evolution_1770950914.py initialized.
[04:01:01] EXEC: start.py initialized.
[04:01:01] EXEC: evolution_1770951485.py initialized.
[04:01:01] EXEC: auth_service.py initialized.
[04:01:01] EXEC: orchestrator_core.py initialized.
[04:01:31] SCAN: 5 modules detected.
[04:01:31] HEARTBEAT: All systems nominal.
[04:01:31] EXEC: start.py initialized.
[04:01:31] EXEC: auth_service.py initialized.
[04:01:31] EXEC: evolution_1770951485.py initialized.
[04:01:31] EXEC: orchestrator_core.py initialized.
[04:01:31] EXEC: evolution_1770950914.py initialized.
[04:02:01] SCAN: 5 modules detected.
[04:02:01] HEARTBEAT: All systems nominal.
[04:02:01] EXEC: start.py initialized.
[04:02:01] EXEC: orchestrator_core.py initialized.
[04:02:01] EXEC: auth_service.py initialized.
[04:02:01] EXEC: evolution_1770951485.py initialized.
[04:02:01] EXEC: evolution_1770950914.py initialized.
[04:02:31] SCAN: 6 modules detected.
[04:02:31] HEARTBEAT: All systems nominal.
[04:02:31] EXEC: auth_service.py initialized.
[04:02:31] EXEC: evolution_1770950914.py initialized.
[04:02:31] EXEC: evolution_1770951485.py initialized.
[04:02:31] EXEC: start.py initialized.
[04:02:31] EXEC: orchestrator_core.py initialized.
[04:02:31] EXEC: evolution_1770955342.py initialized.
[04:03:01] SCAN: 6 modules detected.
[04:03:01] EXEC: auth_service.py initialized.
[04:03:01] EXEC: evolution_1770951485.py initialized.
[04:03:01] EXEC: orchestrator_core.py initialized.
[04:03:01] EXEC: evolution_1770950914.py initialized.
[04:03:01] HEARTBEAT: All systems nominal.
[04:03:01] EXEC: start.py initialized.
[04:03:01] EXEC: evolution_1770955342.py initialized.
[04:03:31] SCAN: 6 modules detected.
[04:03:31] HEARTBEAT: All systems nominal.
[04:03:31] EXEC: evolution_1770950914.py initialized.
[04:03:31] EXEC: auth_service.py initialized.
[04:03:31] EXEC: evolution_1770951485.py initialized.
[04:03:31] EXEC: start.py initialized.
[04:03:31] EXEC: orchestrator_core.py initialized.
[04:03:31] EXEC: evolution_1770955342.py initialized.
[04:04:01] SCAN: 6 modules detected.
[04:04:01] HEARTBEAT: All systems nominal.
[04:04:01] EXEC: orchestrator_core.py initialized.
[04:04:01] EXEC: auth_service.py initialized.
[04:04:01] EXEC: evolution_1770951485.py initialized.
[04:04:01] EXEC: evolution_1770950914.py initialized.
[04:04:01] EXEC: start.py initialized.
[04:04:01] EXEC: evolution_1770955342.py initialized.
[04:04:31] SCAN: 7 modules detected.
[04:04:31] HEARTBEAT: All systems nominal.
[04:04:31] EXEC: evolution_1770951485.py initialized.
[04:04:31] EXEC: auth_service.py initialized.
[04:04:31] EXEC: start.py initialized.
[04:04:31] EXEC: orchestrator_core.py initialized.
[04:04:31] EXEC: evolution_1770950914.py initialized.
[04:04:31] EXEC: evolution_1770955342.py initialized.
[04:04:31] ERROR: evolution_1770955466.py failed: [Errno 13] Permission denied: 
[04:05:01] SCAN: 7 modules detected.
[04:05:01] HEARTBEAT: All systems nominal.
[04:05:01] EXEC: start.py initialized.
[04:05:01] EXEC: evolution_1770950914.py initialized.
[04:05:01] EXEC: auth_service.py initialized.
[04:05:01] EXEC: orchestrator_core.py initialized.
[04:05:01] EXEC: evolution_1770951485.py initialized.
[04:05:01] EXEC: evolution_1770955342.py initialized.
[04:05:01] ERROR: evolution_1770955466.py failed: [Errno 13] Permission denied: 
[04:05:31] SCAN: 7 modules detected.
[04:05:31] HEARTBEAT: All systems nominal.
[04:05:31] EXEC: orchestrator_core.py initialized.
[04:05:31] EXEC: start.py initialized.
[04:05:31] EXEC: evolution_1770951485.py initialized.
[04:05:31] EXEC: auth_service.py initialized.
[04:05:31] EXEC: evolution_1770950914.py initialized.
[04:05:31] EXEC: evolution_1770955342.py initialized.
[04:05:31] ERROR: evolution_1770955466.py failed: [Errno 13] Permission denied: 
[04:06:01] SCAN: 7 modules detected.
[04:06:01] HEARTBEAT: All systems nominal.
[04:06:01] EXEC: evolution_1770950914.py initialized.
[04:06:01] EXEC: orchestrator_core.py initialized.
[04:06:01] EXEC: auth_service.py initialized.
[04:06:01] EXEC: evolution_1770951485.py initialized.
[04:06:01] EXEC: start.py initialized.
[04:06:01] EXEC: evolution_1770955342.py initialized.
[04:06:01] ERROR: evolution_1770955466.py failed: [Errno 13] Permission denied: 
[04:06:31] SCAN: 8 modules detected.
[04:06:31] HEARTBEAT: All systems nominal.
[04:06:31] EXEC: start.py initialized.
[04:06:31] EXEC: evolution_1770951485.py initialized.
[04:06:31] EXEC: evolution_1770950914.py initialized.
[04:06:31] EXEC: orchestrator_core.py initialized.
[04:06:31] EXEC: auth_service.py initialized.
[04:06:31] ERROR: evolution_1770955572.py failed: [Errno 2] No such file or dire
[04:06:31] EXEC: evolution_1770955342.py initialized.
[04:06:31] ERROR: evolution_1770955466.py failed: [Errno 13] Permission denied: 
[04:07:01] SCAN: 8 modules detected.
[04:07:01] EXEC: evolution_1770951485.py initialized.
[04:07:01] HEARTBEAT: All systems nominal.
[04:07:01] EXEC: auth_service.py initialized.
[04:07:01] EXEC: orchestrator_core.py initialized.
[04:07:01] EXEC: evolution_1770950914.py initialized.
[04:07:01] EXEC: start.py initialized.
[04:07:01] ERROR: evolution_1770955572.py failed: [Errno 2] No such file or dire
[04:07:01] EXEC: evolution_1770955342.py initialized.
[04:07:01] ERROR: evolution_1770955466.py failed: [Errno 13] Permission denied: 
[04:07:31] SCAN: 9 modules detected.
[04:07:31] HEARTBEAT: All systems nominal.
[04:07:31] EXEC: start.py initialized.
[04:07:31] EXEC: orchestrator_core.py initialized.
[04:07:31] EXEC: evolution_1770950914.py initialized.
[04:07:31] EXEC: evolution_1770951485.py initialized.
[04:07:31] EXEC: auth_service.py initialized.
[04:07:31] ERROR: evolution_1770955572.py failed: [Errno 2] No such file or dire
[04:07:31] EXEC: evolution_1770955342.py initialized.
[04:07:31] EXEC: evolution_1770955647.py initialized.
[04:07:31] ERROR: evolution_1770955466.py failed: [Errno 13] Permission denied: 
[04:08:01] SCAN: 9 modules detected.
[04:08:01] EXEC: evolution_1770950914.py initialized.
[04:08:01] EXEC: auth_service.py initialized.
[04:08:01] EXEC: start.py initialized.
[04:08:01] EXEC: evolution_1770951485.py initialized.
[04:08:01] HEARTBEAT: All systems nominal.
[04:08:01] EXEC: evolution_1770955647.py initialized.
[04:08:01] EXEC: orchestrator_core.py initialized.
[04:08:01] EXEC: evolution_1770955342.py initialized.
[04:08:01] ERROR: evolution_1770955572.py failed: [Errno 2] No such file or dire
[04:08:01] ERROR: evolution_1770955466.py failed: [Errno 13] Permission denied: 
[04:08:31] SCAN: 9 modules detected.
[04:08:31] HEARTBEAT: All systems nominal.
[04:08:31] EXEC: evolution_1770950914.py initialized.
[04:08:31] EXEC: start.py initialized.
[04:08:31] EXEC: orchestrator_core.py initialized.
[04:08:31] EXEC: evolution_1770951485.py initialized.
[04:08:31] EXEC: auth_service.py initialized.
[04:08:31] EXEC: evolution_1770955647.py initialized.
[04:08:31] ERROR: evolution_1770955572.py failed: [Errno 2] No such file or dire
[04:08:31] EXEC: evolution_1770955342.py initialized.
[04:08:31] ERROR: evolution_1770955466.py failed: [Errno 13] Permission denied: 
